生成启动时间为 2017/8/16 19:49:36。
     1>项目“F:\person_project\g01\C++Server\C++Server\NetFrame\NetFrame.vcxproj”在节点 2 上(ClCompile 个目标)。
     1>ClCompile:
         D:\vs2013\VC\bin\CL.exe /c /AI"C:\Program Files (x86)\Reference Assemblies\Microsoft\Framework\.NETFramework\v4.5\\" /AI"C:\Program Files (x86)\Windows Kits\8.1\References\CommonConfiguration\Neutral" /AI"C:\Program Files (x86)\Reference Assemblies\Microsoft\Framework\.NETFramework\v4.5\Facades\\" /Zi /clr /nologo /W3 /WX- /Od /Oy- /D WIN32 /D _DEBUG /D _WINDLL /D _UNICODE /D UNICODE /EHa /MDd /GS /fp:precise /Zc:wchar_t /Zc:forScope /Yu"stdafx.h" /Fp"Debug\NetFrame.pch" /Fo"Debug\\" /Fd"Debug\vc120.pdb" /TP /FU"C:\Program Files (x86)\Reference Assemblies\Microsoft\Framework\.NETFramework\v4.5\mscorlib.dll" /FU"C:\Program Files (x86)\Reference Assemblies\Microsoft\Framework\.NETFramework\v4.5\System.Data.dll" /FU"C:\Program Files (x86)\Reference Assemblies\Microsoft\Framework\.NETFramework\v4.5\System.dll" /FU"C:\Program Files (x86)\Reference Assemblies\Microsoft\Framework\.NETFramework\v4.5\System.Xml.dll" /analyze- /errorReport:prompt /clr:nostdlib compat.cpp
         compat.cpp
     1>f:\person_project\g01\c++server\c++server\netframe\compat.h(36): warning C4996: 'inet_addr': Use inet_pton() or InetPton() instead or define _WINSOCK_DEPRECATED_NO_WARNINGS to disable deprecated API warnings
                 C:\Program Files (x86)\Windows Kits\8.1\Include\um\winsock2.h(1850) : 参见“inet_addr”的声明
     1>f:\person_project\g01\c++server\c++server\netframe\compat.h(71): warning C4996: 'inet_addr': Use inet_pton() or InetPton() instead or define _WINSOCK_DEPRECATED_NO_WARNINGS to disable deprecated API warnings
                 C:\Program Files (x86)\Windows Kits\8.1\Include\um\winsock2.h(1850) : 参见“inet_addr”的声明
     1>D:\vs2013\VC\include\xutility(2132): warning C4996: 'std::_Copy_impl': Function call with parameters that may be unsafe - this call relies on the caller to check that the passed values are correct. To disable this warning, use -D_SCL_SECURE_NO_WARNINGS. See documentation on how to use Visual C++ 'Checked Iterators'
                 D:\vs2013\VC\include\xutility(2113) : 参见“std::_Copy_impl”的声明
                 f:\person_project\g01\c++server\c++server\netframe\compat.h(60): 参见对正在编译的函数 模板 实例化“_OutIt std::copy<char*,char*>(_InIt,_InIt,_OutIt)”的引用
                 with
                 [
                     _OutIt=char *
         ,            _InIt=char *
                 ]
         D:\vs2013\VC\bin\CL.exe /c /Zi /clr /nologo /W3 /WX- /Od /Oy- /D WIN32 /D _DEBUG /D _WINDLL /D _UNICODE /D UNICODE /EHa /MDd /GS /fp:precise /Zc:wchar_t /Zc:forScope /Fo"Debug\\" /Fd"Debug\vc120.pdb" /TP /analyze- /errorReport:prompt "C:\Users\Administrator\AppData\Local\Temp\.NETFramework,Version=v4.5.AssemblyAttributes.cpp"
         .NETFramework,Version=v4.5.AssemblyAttributes.cpp
     1>已完成生成项目“F:\person_project\g01\C++Server\C++Server\NetFrame\NetFrame.vcxproj”(ClCompile 个目标)的操作。

生成成功。

已用时间 00:00:01.09
